[debug] [2022-06-28T16:50:07.675Z] ----------------------------------------------------------------------
[debug] [2022-06-28T16:50:07.677Z] Command:       C:\Program Files\nodejs\node.exe C:\Users\Dell\AppData\Roaming\npm\node_modules\firebase-tools\lib\bin\firebase.js deploy
[debug] [2022-06-28T16:50:07.677Z] CLI Version:   11.1.0
[debug] [2022-06-28T16:50:07.677Z] Platform:      win32
[debug] [2022-06-28T16:50:07.677Z] Node Version:  v16.15.0
[debug] [2022-06-28T16:50:07.678Z] Time:          Tue Jun 28 2022 23:50:07 GMT+0700 (Indochina Time)
[debug] [2022-06-28T16:50:07.678Z] ----------------------------------------------------------------------
[debug] 
[debug] [2022-06-28T16:50:07.737Z] > command requires scopes: ["email","openid","https://www.googleapis.com/auth/cloudplatformprojects.readonly","https://www.googleapis.com/auth/firebase","https://www.googleapis.com/auth/cloud-platform"]
[debug] [2022-06-28T16:50:07.738Z] > authorizing via signed-in user (ngocdiem5102000@gmail.com)
[debug] [2022-06-28T16:50:07.738Z] [iam] checking project itss-training-firebase for permissions ["firebase.projects.get","firebasehosting.sites.update"]
[debug] [2022-06-28T16:50:07.740Z] >>> [apiv2][query] POST https://cloudresourcemanager.googleapis.com/v1/projects/itss-training-firebase:testIamPermissions [none]
[debug] [2022-06-28T16:50:07.740Z] >>> [apiv2][body] POST https://cloudresourcemanager.googleapis.com/v1/projects/itss-training-firebase:testIamPermissions {"permissions":["firebase.projects.get","firebasehosting.sites.update"]}
[debug] [2022-06-28T16:50:08.841Z] <<< [apiv2][status] POST https://cloudresourcemanager.googleapis.com/v1/projects/itss-training-firebase:testIamPermissions 200
[debug] [2022-06-28T16:50:08.841Z] <<< [apiv2][body] POST https://cloudresourcemanager.googleapis.com/v1/projects/itss-training-firebase:testIamPermissions {}
[debug] [2022-06-28T16:50:08.841Z] [iam] error while checking permissions, command may fail: FirebaseError: Authorization failed. This account is missing the following required permissions on project itss-training-firebase:

  firebase.projects.get
  firebasehosting.sites.update
[debug] [2022-06-28T16:50:08.843Z] >>> [apiv2][query] GET https://firebase.googleapis.com/v1beta1/projects/itss-training-firebase [none]
[debug] [2022-06-28T16:50:09.283Z] <<< [apiv2][status] GET https://firebase.googleapis.com/v1beta1/projects/itss-training-firebase 403
[debug] [2022-06-28T16:50:09.284Z] <<< [apiv2][body] GET https://firebase.googleapis.com/v1beta1/projects/itss-training-firebase {"error":{"code":403,"message":"The caller does not have permission","status":"PERMISSION_DENIED"}}
[debug] [2022-06-28T16:50:09.286Z] HTTP Error: 403, The caller does not have permission
[debug] [2022-06-28T16:50:09.433Z] FirebaseError: HTTP Error: 403, The caller does not have permission
    at responseToError (C:\Users\Dell\AppData\Roaming\npm\node_modules\firebase-tools\lib\responseToError.js:49:12)
    at RetryOperation._fn (C:\Users\Dell\AppData\Roaming\npm\node_modules\firebase-tools\lib\apiv2.js:287:77)
    at processTicksAndRejections (node:internal/process/task_queues:96:5)
[error] 
[error] Error: Failed to get Firebase project itss-training-firebase. Please make sure the project exists and your account has permission to access it.
[debug] [2022-06-29T14:28:05.442Z] ----------------------------------------------------------------------
[debug] [2022-06-29T14:28:05.445Z] Command:       C:\Program Files\nodejs\node.exe C:\Users\Dell\AppData\Roaming\npm\node_modules\firebase-tools\lib\bin\firebase.js deploy
[debug] [2022-06-29T14:28:05.446Z] CLI Version:   11.1.0
[debug] [2022-06-29T14:28:05.446Z] Platform:      win32
[debug] [2022-06-29T14:28:05.446Z] Node Version:  v16.15.0
[debug] [2022-06-29T14:28:05.456Z] Time:          Wed Jun 29 2022 21:28:05 GMT+0700 (Indochina Time)
[debug] [2022-06-29T14:28:05.457Z] ----------------------------------------------------------------------
[debug] 
[debug] [2022-06-29T14:28:05.580Z] > command requires scopes: ["email","openid","https://www.googleapis.com/auth/cloudplatformprojects.readonly","https://www.googleapis.com/auth/firebase","https://www.googleapis.com/auth/cloud-platform"]
[debug] [2022-06-29T14:28:05.580Z] > authorizing via signed-in user (ngocdiem5102000@gmail.com)
[debug] [2022-06-29T14:28:05.581Z] [iam] checking project itss-training-firebase for permissions ["firebase.projects.get","firebasehosting.sites.update"]
[debug] [2022-06-29T14:28:05.583Z] > refreshing access token with scopes: []
[debug] [2022-06-29T14:28:05.586Z] >>> [apiv2][query] POST https://www.googleapis.com/oauth2/v3/token [none]
[debug] [2022-06-29T14:28:05.586Z] >>> [apiv2][body] POST https://www.googleapis.com/oauth2/v3/token [omitted]
[debug] [2022-06-29T14:28:05.910Z] <<< [apiv2][status] POST https://www.googleapis.com/oauth2/v3/token 200
[debug] [2022-06-29T14:28:05.911Z] <<< [apiv2][body] POST https://www.googleapis.com/oauth2/v3/token [omitted]
[debug] [2022-06-29T14:28:05.930Z] >>> [apiv2][query] POST https://cloudresourcemanager.googleapis.com/v1/projects/itss-training-firebase:testIamPermissions [none]
[debug] [2022-06-29T14:28:05.931Z] >>> [apiv2][body] POST https://cloudresourcemanager.googleapis.com/v1/projects/itss-training-firebase:testIamPermissions {"permissions":["firebase.projects.get","firebasehosting.sites.update"]}
[debug] [2022-06-29T14:28:06.349Z] <<< [apiv2][status] POST https://cloudresourcemanager.googleapis.com/v1/projects/itss-training-firebase:testIamPermissions 200
[debug] [2022-06-29T14:28:06.350Z] <<< [apiv2][body] POST https://cloudresourcemanager.googleapis.com/v1/projects/itss-training-firebase:testIamPermissions {}
[debug] [2022-06-29T14:28:06.352Z] [iam] error while checking permissions, command may fail: FirebaseError: Authorization failed. This account is missing the following required permissions on project itss-training-firebase:

  firebase.projects.get
  firebasehosting.sites.update
[debug] [2022-06-29T14:28:06.356Z] >>> [apiv2][query] GET https://firebase.googleapis.com/v1beta1/projects/itss-training-firebase [none]
[debug] [2022-06-29T14:28:06.796Z] <<< [apiv2][status] GET https://firebase.googleapis.com/v1beta1/projects/itss-training-firebase 403
[debug] [2022-06-29T14:28:06.796Z] <<< [apiv2][body] GET https://firebase.googleapis.com/v1beta1/projects/itss-training-firebase {"error":{"code":403,"message":"The caller does not have permission","status":"PERMISSION_DENIED"}}
[debug] [2022-06-29T14:28:06.797Z] HTTP Error: 403, The caller does not have permission
[debug] [2022-06-29T14:28:06.948Z] FirebaseError: HTTP Error: 403, The caller does not have permission
    at responseToError (C:\Users\Dell\AppData\Roaming\npm\node_modules\firebase-tools\lib\responseToError.js:49:12)
    at RetryOperation._fn (C:\Users\Dell\AppData\Roaming\npm\node_modules\firebase-tools\lib\apiv2.js:287:77)
    at processTicksAndRejections (node:internal/process/task_queues:96:5)
[error] 
[error] Error: Failed to get Firebase project itss-training-firebase. Please make sure the project exists and your account has permission to access it.
